# JRE version: OpenJDK Runtime Environment (11.0.10) (build 11.0.10+0-b96-7249189)
# Java VM: OpenJDK 64-Bit Server VM (11.0.10+0-b96-7249189, mixed mode, tiered, compressed oops, g1 gc, windows-amd64)
Heap:
 garbage-first heap   total 131072K, used 9131K [0x0000000081400000, 0x0000000100000000)
  region size 1024K, 2 young (2048K), 2 survivors (2048K)
 Metaspace       used 14245K, capacity 14504K, committed 14592K, reserved 1071104K
  class space    used 1636K, capacity 1752K, committed 1792K, reserved 1048576K
GC Heap History (6 events):
Event: 1.111 GC heap before
{Heap before GC invocations=0 (full 0):
 garbage-first heap   total 131072K, used 19456K [0x0000000081400000, 0x0000000100000000)
  region size 1024K, 14 young (14336K), 0 survivors (0K)
 Metaspace       used 8068K, capacity 8273K, committed 8576K, reserved 1056768K
  class space    used 731K, capacity 818K, committed 896K, reserved 1048576K
}
Event: 1.142 GC heap after
{Heap after GC invocations=1 (full 0):
 garbage-first heap   total 131072K, used 7844K [0x0000000081400000, 0x0000000100000000)
  region size 1024K, 2 young (2048K), 2 survivors (2048K)
 Metaspace       used 8068K, capacity 8273K, committed 8576K, reserved 1056768K
  class space    used 731K, capacity 818K, committed 896K, reserved 1048576K
}
Event: 1.700 GC heap before
{Heap before GC invocations=1 (full 0):
 garbage-first heap   total 131072K, used 18084K [0x0000000081400000, 0x0000000100000000)
  region size 1024K, 12 young (12288K), 2 survivors (2048K)
 Metaspace       used 11096K, capacity 11334K, committed 11520K, reserved 1058816K
  class space    used 1198K, capacity 1268K, committed 1280K, reserved 1048576K
}
Event: 1.720 GC heap after
{Heap after GC invocations=2 (full 0):
 garbage-first heap   total 131072K, used 8590K [0x0000000081400000, 0x0000000100000000)
  region size 1024K, 1 young (1024K), 1 survivors (1024K)
 Metaspace       used 11096K, capacity 11334K, committed 11520K, reserved 1058816K
  class space    used 1198K, capacity 1268K, committed 1280K, reserved 1048576K
}
Event: 4.228 GC heap before
{Heap before GC invocations=2 (full 0):
 garbage-first heap   total 131072K, used 21902K [0x0000000081400000, 0x0000000100000000)
  region size 1024K, 15 young (15360K), 1 survivors (1024K)
 Metaspace       used 14245K, capacity 14504K, committed 14592K, reserved 1069056K
  class space    used 1636K, capacity 1752K, committed 1792K, reserved 1048576K
}
Event: 4.245 GC heap after
{Heap after GC invocations=3 (full 0):
 garbage-first heap   total 131072K, used 9131K [0x0000000081400000, 0x0000000100000000)
  region size 1024K, 2 young (2048K), 2 survivors (2048K)
 Metaspace       used 14245K, capacity 14504K, committed 14592K, reserved 1069056K
  class space    used 1636K, capacity 1752K, committed 1792K, reserved 1048576K
}

