# JRE version: OpenJDK Runtime Environment (11.0.10) (build 11.0.10+0-b96-7249189)
# Java VM: OpenJDK 64-Bit Server VM (11.0.10+0-b96-7249189, mixed mode, tiered, compressed oops, g1 gc, windows-amd64)
Heap:
 garbage-first heap   total 131072K, used 102840K [0x00000000a0000000, 0x0000000100000000)
  region size 1024K, 10 young (10240K), 2 survivors (2048K)
 Metaspace       used 102990K, capacity 105881K, committed 105940K, reserved 1140736K
  class space    used 13338K, capacity 14416K, committed 14464K, reserved 1048576K
GC Heap History (20 events):
Event: 874.449 GC heap before
{Heap before GC invocations=36 (full 0):
 garbage-first heap   total 131072K, used 109069K [0x00000000a0000000, 0x0000000100000000)
  region size 1024K, 27 young (27648K), 1 survivors (1024K)
 Metaspace       used 94919K, capacity 97610K, committed 97620K, reserved 1134592K
  class space    used 12323K, capacity 13312K, committed 13312K, reserved 1048576K
}
Event: 874.456 GC heap after
{Heap after GC invocations=37 (full 0):
 garbage-first heap   total 131072K, used 84183K [0x00000000a0000000, 0x0000000100000000)
  region size 1024K, 2 young (2048K), 2 survivors (2048K)
 Metaspace       used 94919K, capacity 97610K, committed 97620K, reserved 1134592K
  class space    used 12323K, capacity 13312K, committed 13312K, reserved 1048576K
}
Event: 898.230 GC heap before
{Heap before GC invocations=38 (full 0):
 garbage-first heap   total 131072K, used 111831K [0x00000000a0000000, 0x0000000100000000)
  region size 1024K, 28 young (28672K), 2 survivors (2048K)
 Metaspace       used 98358K, capacity 101010K, committed 101076K, reserved 1136640K
  class space    used 12699K, capacity 13680K, committed 13696K, reserved 1048576K
}
Event: 898.241 GC heap after
{Heap after GC invocations=39 (full 0):
 garbage-first heap   total 131072K, used 90473K [0x00000000a0000000, 0x0000000100000000)
  region size 1024K, 4 young (4096K), 4 survivors (4096K)
 Metaspace       used 98358K, capacity 101010K, committed 101076K, reserved 1136640K
  class space    used 12699K, capacity 13680K, committed 13696K, reserved 1048576K
}
Event: 898.680 GC heap before
{Heap before GC invocations=39 (full 0):
 garbage-first heap   total 131072K, used 91497K [0x00000000a0000000, 0x0000000100000000)
  region size 1024K, 6 young (6144K), 4 survivors (4096K)
 Metaspace       used 98721K, capacity 101365K, committed 101460K, reserved 1136640K
  class space    used 12740K, capacity 13734K, committed 13824K, reserved 1048576K
}
Event: 898.688 GC heap after
{Heap after GC invocations=40 (full 0):
 garbage-first heap   total 131072K, used 90459K [0x00000000a0000000, 0x0000000100000000)
  region size 1024K, 1 young (1024K), 1 survivors (1024K)
 Metaspace       used 98721K, capacity 101365K, committed 101460K, reserved 1136640K
  class space    used 12740K, capacity 13734K, committed 13824K, reserved 1048576K
}
Event: 903.847 GC heap before
{Heap before GC invocations=40 (full 0):
 garbage-first heap   total 131072K, used 107867K [0x00000000a0000000, 0x0000000100000000)
  region size 1024K, 19 young (19456K), 1 survivors (1024K)
 Metaspace       used 99534K, capacity 102312K, committed 102356K, reserved 1138688K
  class space    used 12848K, capacity 13921K, committed 13952K, reserved 1048576K
}
Event: 903.861 GC heap after
{Heap after GC invocations=41 (full 0):
 garbage-first heap   total 131072K, used 94351K [0x00000000a0000000, 0x0000000100000000)
  region size 1024K, 3 young (3072K), 3 survivors (3072K)
 Metaspace       used 99534K, capacity 102312K, committed 102356K, reserved 1138688K
  class space    used 12848K, capacity 13921K, committed 13952K, reserved 1048576K
}
Event: 904.456 GC heap before
{Heap before GC invocations=42 (full 0):
 garbage-first heap   total 131072K, used 107663K [0x00000000a0000000, 0x0000000100000000)
  region size 1024K, 17 young (17408K), 3 survivors (3072K)
 Metaspace       used 99711K, capacity 102540K, committed 102612K, reserved 1138688K
  class space    used 12872K, capacity 13930K, committed 13952K, reserved 1048576K
}
Event: 904.472 GC heap after
{Heap after GC invocations=43 (full 0):
 garbage-first heap   total 131072K, used 95654K [0x00000000a0000000, 0x0000000100000000)
  region size 1024K, 2 young (2048K), 2 survivors (2048K)
 Metaspace       used 99711K, capacity 102540K, committed 102612K, reserved 1138688K
  class space    used 12872K, capacity 13930K, committed 13952K, reserved 1048576K
}
Event: 904.550 GC heap before
{Heap before GC invocations=43 (full 0):
 garbage-first heap   total 131072K, used 98726K [0x00000000a0000000, 0x0000000100000000)
  region size 1024K, 6 young (6144K), 2 survivors (2048K)
 Metaspace       used 99854K, capacity 102651K, committed 102996K, reserved 1138688K
  class space    used 12900K, capacity 13968K, committed 14080K, reserved 1048576K
}
Event: 904.557 GC heap after
{Heap after GC invocations=44 (full 0):
 garbage-first heap   total 131072K, used 92275K [0x00000000a0000000, 0x0000000100000000)
  region size 1024K, 1 young (1024K), 1 survivors (1024K)
 Metaspace       used 99854K, capacity 102651K, committed 102996K, reserved 1138688K
  class space    used 12900K, capacity 13968K, committed 14080K, reserved 1048576K
}
Event: 905.250 GC heap before
{Heap before GC invocations=44 (full 0):
 garbage-first heap   total 131072K, used 105587K [0x00000000a0000000, 0x0000000100000000)
  region size 1024K, 16 young (16384K), 1 survivors (1024K)
 Metaspace       used 100571K, capacity 103415K, committed 103508K, reserved 1138688K
  class space    used 12987K, capacity 14048K, committed 14080K, reserved 1048576K
}
Event: 905.256 GC heap after
{Heap after GC invocations=45 (full 0):
 garbage-first heap   total 131072K, used 92626K [0x00000000a0000000, 0x0000000100000000)
  region size 1024K, 1 young (1024K), 1 survivors (1024K)
 Metaspace       used 100571K, capacity 103415K, committed 103508K, reserved 1138688K
  class space    used 12987K, capacity 14048K, committed 14080K, reserved 1048576K
}
Event: 906.872 GC heap before
{Heap before GC invocations=46 (full 0):
 garbage-first heap   total 131072K, used 110034K [0x00000000a0000000, 0x0000000100000000)
  region size 1024K, 17 young (17408K), 1 survivors (1024K)
 Metaspace       used 100940K, capacity 103791K, committed 104148K, reserved 1138688K
  class space    used 13035K, capacity 14109K, committed 14208K, reserved 1048576K
}
Event: 906.880 GC heap after
{Heap after GC invocations=47 (full 0):
 garbage-first heap   total 131072K, used 97457K [0x00000000a0000000, 0x0000000100000000)
  region size 1024K, 3 young (3072K), 3 survivors (3072K)
 Metaspace       used 100940K, capacity 103791K, committed 104148K, reserved 1138688K
  class space    used 13035K, capacity 14109K, committed 14208K, reserved 1048576K
}
Event: 908.638 GC heap before
{Heap before GC invocations=47 (full 0):
 garbage-first heap   total 131072K, used 100529K [0x00000000a0000000, 0x0000000100000000)
  region size 1024K, 6 young (6144K), 3 survivors (3072K)
 Metaspace       used 100944K, capacity 103791K, committed 104148K, reserved 1138688K
  class space    used 13035K, capacity 14109K, committed 14208K, reserved 1048576K
}
Event: 908.652 GC heap after
{Heap after GC invocations=48 (full 0):
 garbage-first heap   total 131072K, used 97242K [0x00000000a0000000, 0x0000000100000000)
  region size 1024K, 1 young (1024K), 1 survivors (1024K)
 Metaspace       used 100944K, capacity 103791K, committed 104148K, reserved 1138688K
  class space    used 13035K, capacity 14109K, committed 14208K, reserved 1048576K
}
Event: 920.014 GC heap before
{Heap before GC invocations=48 (full 0):
 garbage-first heap   total 131072K, used 109530K [0x00000000a0000000, 0x0000000100000000)
  region size 1024K, 14 young (14336K), 1 survivors (1024K)
 Metaspace       used 102302K, capacity 105141K, committed 105300K, reserved 1140736K
  class space    used 13237K, capacity 14316K, committed 14336K, reserved 1048576K
}
Event: 920.031 GC heap after
{Heap after GC invocations=49 (full 0):
 garbage-first heap   total 131072K, used 98744K [0x00000000a0000000, 0x0000000100000000)
  region size 1024K, 2 young (2048K), 2 survivors (2048K)
 Metaspace       used 102302K, capacity 105141K, committed 105300K, reserved 1140736K
  class space    used 13237K, capacity 14316K, committed 14336K, reserved 1048576K
}

